<?xml version="1.0" encoding="UTF-8"?>
<!-- Generated by org.testng.reporters.JUnitReportReporter -->
<testsuite hostname="DESKTOP-60PG20N" name="testngFiles.TestBase" tests="2" failures="0" timestamp="15 Nov 2019 11:04:04 GMT" time="11.600" errors="0">
  <testcase name="Login" time="11.600" classname="testngFiles.TestBase"/>
  <testcase name="software" time="0.000" classname="testngFiles.TestBase"/>
</testsuite> <!-- testngFiles.TestBase -->
